report@config:load 20.91
Authorized using stored user info.
report@account:authorize 4.62
stderr: 'rm'��(��) ���� �Ǵ� �ܺ� ����, ������ �� �ִ� ���α׷�, �Ǵ�
��ġ ������ �ƴմϴ�.

Exporting assets from Unity.....

[ Stage1 ] Assets exported from Unity and staged for further processing
report@unity:export 2027.59
report@config:load 8.88
Using C:/Windows/Fonts/arial.ttf file to generate an atlas for Arial[592] font
  Using alphabet  §1234567890-=qwertyuiop[]asdfghjkl;'\`zxcvbnm,./±!@#$%^&*()_+QWERTYUIOP{}ASDFGHJKL:"|~ZXCVBNM<>?
Combined 97 glyphs into bitmap texture at D:/Project_Ads001/LunaTemp/stage1/tmp/fonts/Arial-592/output_0.png (59kb)
Resources:
{}
report@assets:stage2 2695.66
report@assets:stage3 136.72
[ Stage2 ] Assets postprocessed and bundled successfully
report@config:unity 0.10
report@config:load 16.58
report@config:unity 0.07
report@code:compose 48.40
Authorized using stored user info.
report@account:authorize 1.69
.NET Framework�� Microsoft (R) Build Engine ���� 16.11.2+f32259642
Copyright (C) Microsoft Corporation. All rights reserved.


���� ����: 2024-05-16 ���� 5:09:12

1 ����� "D:\Project_Ads001\5.5.1\pipeline\templates\LunaCompiler\Scripts\Scripts.csproj" ������Ʈ(Rebuild ���)�Դϴ�.

CoreClean:
  "D:\Project_Ads001\5.5.1\pipeline\templates\LunaCompiler\Scripts\obj\Debug\UnityScriptsCompiler.dll" ������ �����ϰ� �ֽ��ϴ�.

C:\Program Files (x86)\Microsoft Visual Studio\2019\Community\MSBuild\Current\Bin\Microsoft.Common.CurrentVersion.targets(1217,5): error MSB3644: .NETFramework,Version=v4.7�� ���� ��������� ã�� �� �����ϴ�. �� ������ �ذ��Ϸ��� �� �����ӿ�ũ ������ ������ ��(SDK/Ÿ���� ��)�� ��ġ�ϰų�, ���ø����̼� ����� �����մϴ�. https://aka.ms/msbuild/developerpacks���� .NET Framework ������ ���� �ٿ�ε��� �� �ֽ��ϴ�. [D:\Project_Ads001\5.5.1\pipeline\templates\LunaCompiler\Scripts\Scripts.csproj]

"D:\Project_Ads001\5.5.1\pipeline\templates\LunaCompiler\Scripts\Scripts.csproj" ������Ʈ�� �����߽��ϴ�(Rebuild ���). - ����


�������� ���߽��ϴ�.



"D:\Project_Ads001\5.5.1\pipeline\templates\LunaCompiler\Scripts\Scripts.csproj"(Rebuild ���)(1) ->
(GetReferenceAssemblyPaths ���) -> 

  C:\Program Files (x86)\Microsoft Visual Studio\2019\Community\MSBuild\Current\Bin\Microsoft.Common.CurrentVersion.targets(1217,5): error MSB3644: .NETFramework,Version=v4.7�� ���� ��������� ã�� �� �����ϴ�. �� ������ �ذ��Ϸ��� �� �����ӿ�ũ ������ ������ ��(SDK/Ÿ���� ��)�� ��ġ�ϰų�, ���ø����̼� ����� �����մϴ�. https://aka.ms/msbuild/developerpacks���� .NET Framework ������ ���� �ٿ�ε��� �� �ֽ��ϴ�. [D:\Project_Ads001\5.5.1\pipeline\templates\LunaCompiler\Scripts\Scripts.csproj]

    ��� 0��
    ���� 1��


��� �ð�: 00:00:00.34

Diagnostics gathered successfully
report@code:build 2922.97
report@diagnostics:verify 0.24

Fatal error while building C# code
[ error ] $Project failed to build, check project diagnostics
Error: DIAGNOSTICS_FATAL_ERROR
    at Function.checkForErrors (D:\Project_Ads001\5.5.1\pipeline\Jakefile.js:6:2982131)
    at async _0x383ee9.action (D:\Project_Ads001\5.5.1\pipeline\Jakefile.js:6:2987043)
